TN:
SF:src\config\data-source.ts
FNF:0
FNH:0
DA:1,1
DA:2,1
DA:3,1
DA:4,1
DA:5,1
DA:6,1
DA:7,1
DA:8,1
DA:9,1
DA:10,1
DA:11,1
DA:12,1
DA:13,1
DA:14,1
DA:15,1
DA:16,1
DA:17,1
DA:18,1
DA:19,1
LF:19
LH:19
BRF:0
BRH:0
end_of_record
TN:
SF:src\controller\studentController.ts
FN:7,StudentController
FN:10,Object.<anonymous>.StudentController.all
FN:19,Object.<anonymous>.StudentController.one
FN:30,Object.<anonymous>.StudentController.add
FN:51,Object.<anonymous>.StudentController.update
FN:77,Object.<anonymous>.StudentController.remove
FN:91,sendMessage
FNF:7
FNH:6
FNDA:8,StudentController
FNDA:2,Object.<anonymous>.StudentController.all
FNDA:0,Object.<anonymous>.StudentController.one
FNDA:2,Object.<anonymous>.StudentController.add
FNDA:2,Object.<anonymous>.StudentController.update
FNDA:2,Object.<anonymous>.StudentController.remove
FNDA:6,sendMessage
DA:1,1
DA:2,1
DA:3,1
DA:4,1
DA:5,1
DA:6,1
DA:7,8
DA:8,8
DA:9,8
DA:10,8
DA:11,2
DA:12,2
DA:13,2
DA:14,2
DA:15,2
DA:16,2
DA:17,2
DA:18,8
DA:19,8
DA:20,0
DA:21,0
DA:22,0
DA:23,0
DA:24,0
DA:25,0
DA:26,0
DA:27,0
DA:28,0
DA:29,8
DA:30,8
DA:31,2
DA:32,2
DA:33,2
DA:34,2
DA:35,2
DA:36,2
DA:37,2
DA:38,2
DA:39,2
DA:40,2
DA:41,2
DA:42,2
DA:43,2
DA:44,2
DA:45,2
DA:46,2
DA:47,2
DA:48,2
DA:49,2
DA:50,8
DA:51,8
DA:52,2
DA:53,2
DA:54,2
DA:55,2
DA:56,2
DA:57,2
DA:58,2
DA:59,2
DA:60,2
DA:61,2
DA:62,2
DA:63,2
DA:64,2
DA:65,2
DA:66,2
DA:67,2
DA:68,2
DA:69,2
DA:70,2
DA:71,2
DA:72,2
DA:73,2
DA:74,2
DA:75,2
DA:76,8
DA:77,8
DA:78,2
DA:79,2
DA:80,2
DA:81,2
DA:82,2
DA:83,2
DA:84,2
DA:85,2
DA:86,2
DA:87,2
DA:88,2
DA:89,2
DA:90,8
DA:91,6
DA:92,6
DA:93,6
DA:94,6
DA:95,6
DA:96,6
DA:97,6
DA:98,6
DA:99,0
DA:100,6
DA:101,6
DA:102,6
DA:103,6
LF:103
LH:93
BRDA:7,0,0,1
BRDA:7,1,0,8
BRDA:10,2,0,2
BRDA:30,3,0,2
BRDA:51,4,0,2
BRDA:77,5,0,2
BRDA:91,6,0,6
BRDA:98,7,0,0
BRF:8
BRH:7
end_of_record
TN:
SF:src\entity\Student.ts
FN:4,Student
FNF:1
FNH:1
FNDA:1,Student
DA:1,1
DA:2,1
DA:3,1
DA:4,1
DA:5,1
DA:6,1
DA:7,1
DA:8,1
DA:9,1
DA:10,1
DA:11,1
DA:12,1
DA:13,1
DA:14,1
DA:15,1
DA:16,1
DA:17,1
DA:18,1
DA:19,1
DA:20,1
DA:21,1
DA:22,1
DA:23,1
DA:24,1
DA:25,1
LF:25
LH:25
BRDA:4,0,0,2
BRDA:4,1,0,1
BRF:2
BRH:2
end_of_record
TN:
SF:src\services\socketService.ts
FN:7,initializeSocketIO
FN:34,getSocketInstance
FNF:2
FNH:0
FNDA:0,initializeSocketIO
FNDA:0,getSocketInstance
DA:1,1
DA:2,1
DA:3,1
DA:4,1
DA:5,1
DA:6,1
DA:7,1
DA:8,0
DA:9,0
DA:10,0
DA:11,0
DA:12,0
DA:13,0
DA:14,0
DA:15,0
DA:16,0
DA:17,0
DA:18,0
DA:19,0
DA:20,0
DA:21,0
DA:22,0
DA:23,0
DA:24,0
DA:25,0
DA:26,0
DA:27,0
DA:28,0
DA:29,0
DA:30,0
DA:31,0
DA:32,0
DA:33,1
DA:34,1
DA:35,0
DA:36,0
DA:37,0
DA:38,0
DA:39,0
LF:39
LH:9
BRF:0
BRH:0
end_of_record
TN:
SF:src\services\studentService.ts
FN:5,StudentService
FN:8,Object.<anonymous>.StudentService.getAllStudents
FN:16,Object.<anonymous>.StudentService.getStudentById
FN:26,Object.<anonymous>.StudentService.createStudent
FN:48,Object.<anonymous>.StudentService.removeStudent
FN:60,Object.<anonymous>.StudentService.updateStudent
FNF:6
FNH:6
FNDA:5,StudentService
FNDA:1,Object.<anonymous>.StudentService.getAllStudents
FNDA:1,Object.<anonymous>.StudentService.getStudentById
FNDA:1,Object.<anonymous>.StudentService.createStudent
FNDA:1,Object.<anonymous>.StudentService.removeStudent
FNDA:1,Object.<anonymous>.StudentService.updateStudent
DA:1,1
DA:2,1
DA:3,1
DA:4,1
DA:5,5
DA:6,5
DA:7,5
DA:8,5
DA:9,1
DA:10,1
DA:11,0
DA:12,0
DA:13,1
DA:14,1
DA:15,5
DA:16,5
DA:17,1
DA:18,1
DA:19,1
DA:20,1
DA:21,0
DA:22,0
DA:23,1
DA:24,1
DA:25,5
DA:26,5
DA:27,1
DA:28,1
DA:29,1
DA:30,1
DA:31,1
DA:32,1
DA:33,1
DA:34,1
DA:35,1
DA:36,1
DA:37,1
DA:38,1
DA:39,1
DA:40,1
DA:41,1
DA:42,1
DA:43,1
DA:44,1
DA:45,1
DA:46,1
DA:47,5
DA:48,5
DA:49,1
DA:50,1
DA:51,1
DA:52,1
DA:53,1
DA:54,0
DA:55,0
DA:56,1
DA:57,1
DA:58,1
DA:59,5
DA:60,5
DA:61,1
DA:62,1
DA:63,1
DA:64,0
DA:65,0
DA:66,1
DA:67,1
DA:68,5
LF:68
LH:60
BRDA:5,0,0,2
BRDA:5,1,0,5
BRDA:8,2,0,1
BRDA:9,3,0,1
BRDA:10,4,0,0
BRDA:16,5,0,1
BRDA:17,6,0,1
BRDA:20,7,0,0
BRDA:26,8,0,1
BRDA:48,9,0,1
BRDA:49,10,0,1
BRDA:53,11,0,0
BRDA:60,12,0,1
BRDA:62,13,0,1
BRDA:63,14,0,0
BRF:15
BRH:11
end_of_record
